<!DOCTYPE html PUBLIC "-//W3C//DTD XHTML 1.1//EN" "http://www.w3.org/TR/xhtml11/DTD/xhtml11.dtd">
<html xmlns="http://www.w3.org/1999/xhtml">
<head>
<meta http-equiv="content-type" content="text/html; charset=UTF-8"/>
<title>TestNG Report</title>
<style type="text/css">table {margin-bottom:10px;border-collapse:collapse;empty-cells:show}th,td {border:1px solid #009;padding:.25em .5em}th {vertical-align:bottom}td {vertical-align:top}table a {font-weight:bold}.stripe td {background-color: #E6EBF9}.num {text-align:right}.passedodd td {background-color: #3F3}.passedeven td {background-color: #0A0}.skippedodd td {background-color: #DDD}.skippedeven td {background-color: #CCC}.failedodd td,.attn {background-color: #F33}.failedeven td,.stripe .attn {background-color: #D00}.stacktrace {white-space:pre;font-family:monospace}.totop {font-size:85%;text-align:center;border-bottom:2px solid #000}.invisible {display:none}</style>
</head>
<body>
<table>
<tr><th>Test</th><th># Passed</th><th># Skipped</th><th># Retried</th><th># Failed</th><th>Time (ms)</th><th>Included Groups</th><th>Excluded Groups</th></tr>
<tr><th colspan="8">Suite</th></tr>
<tr><td><a href="#t0">LambdaTest</a></td><td class="num">0</td><td class="num">0</td><td class="num">0</td><td class="num attn">1</td><td class="num">30,755</td><td></td><td></td></tr>
<tr class="stripe"><td><a href="#t1">LambdaTest Test</a></td><td class="num">0</td><td class="num">0</td><td class="num">0</td><td class="num attn">1</td><td class="num">22,124</td><td></td><td></td></tr>
<tr><th>Total</th><th class="num">0</th><th class="num">0</th><th class="num">0</th><th class="num attn">2</th><th class="num">52,879</th><th colspan="2"></th></tr>
</table>
<table id='summary'><thead><tr><th>Class</th><th>Method</th><th>Start</th><th>Time (ms)</th></tr></thead><tbody><tr><th colspan="4">Suite</th></tr></tbody><tbody id="t0"><tr><th colspan="4">LambdaTest &#8212; failed</th></tr><tr class="failedeven"><td rowspan="1">org.lambda.LambdaAutomation.LambdaTestAutomation2</td><td><a href="#m0">lambdaTestIntegrationScenario</a></td><td rowspan="1">1689576750789</td><td rowspan="1">28606</td></tr></tbody>
<tbody id="t1"><tr><th colspan="4">LambdaTest Test &#8212; failed</th></tr><tr class="failedeven"><td rowspan="1">org.lambda.LambdaAutomation.LambdaTestAutomation2</td><td><a href="#m1">lambdaTestIntegrationScenario</a></td><td rowspan="1">1689576781352</td><td rowspan="1">18734</td></tr></tbody>
</table>
<h2>LambdaTest</h2><h3 id="m0">org.lambda.LambdaAutomation.LambdaTestAutomation2#lambdaTestIntegrationScenario</h3><table class="result"><tr><th>Exception</th></tr><tr><td><div class="stacktrace">org.openqa.selenium.ElementClickInterceptedException: element click intercepted: Element &lt;a href=&quot;https://www.lambdatest.com/integrations&quot; class=&quot;uppercase font-bold text-black text-size-16 tracking-widest inline-block hover:underline&quot;&gt;...&lt;/a&gt; is not clickable at point (942, 12). Other element would receive the click: &lt;div class=&quot;w-7/12 desktop:w-full header__menu__items&quot;&gt;...&lt;/div&gt;
  (Session info: chrome=86.0.4240.30)
Build info: version: &apos;3.141.59&apos;, revision: &apos;e82be7d358&apos;, time: &apos;2018-11-14T08:17:03&apos;
System info: host: &apos;ASDLAPKCH0331&apos;, ip: &apos;192.168.43.151&apos;, os.name: &apos;Windows 10&apos;, os.arch: &apos;amd64&apos;, os.version: &apos;10.0&apos;, java.version: &apos;19.0.2&apos;
Driver info: org.openqa.selenium.remote.RemoteWebDriver
Capabilities {acceptInsecureCerts: true, browserName: chrome, browserVersion: 86.0, chrome: {chromedriverVersion: 86.0, userDataDir: &quot;C:\\Windows\\proxy\\scoped...}, goog:chromeOptions: {debuggerAddress: }, javascriptEnabled: true, networkConnectionEnabled: false, pageLoadStrategy: normal, platform: WIN10, platformName: WIN10, proxy: Proxy(), se:bidiEnabled: false, setWindowRect: true, strictFileInteractability: false, timeouts: {implicit: 0, pageLoad: 300000, script: 30000}, unhandledPromptBehavior: dismiss and notify, webauthn:extension:credBlob: true, webauthn:extension:largeBlob: true, webauthn:virtualAuthenticators: true, webdriver.remote.sessionid: LGN9P-KDWMT-VVXSF-FPC8N}
Session ID: LGN9P-KDWMT-VVXSF-FPC8N
	at org.openqa.selenium.remote.http.W3CHttpResponseCodec.createException(W3CHttpResponseCodec.java:187)
	at org.openqa.selenium.remote.http.W3CHttpResponseCodec.decode(W3CHttpResponseCodec.java:122)
	at org.openqa.selenium.remote.http.W3CHttpResponseCodec.decode(W3CHttpResponseCodec.java:49)
	at org.openqa.selenium.remote.HttpCommandExecutor.execute(HttpCommandExecutor.java:158)
	at org.openqa.selenium.remote.RemoteWebDriver.execute(RemoteWebDriver.java:552)
	at org.openqa.selenium.remote.RemoteWebElement.execute(RemoteWebElement.java:285)
	at org.openqa.selenium.remote.RemoteWebElement.click(RemoteWebElement.java:84)
	at org.lambda.LambdaAutomation.LambdaTestAutomation2.lambdaTestIntegrationScenario(LambdaTestAutomation2.java:72)
	at java.base/java.util.ArrayList.forEach(ArrayList.java:1511)
... Removed 28 stack frames</div></td></tr></table><p class="totop"><a href="#summary">back to summary</a></p>
<h2>LambdaTest Test</h2><h3 id="m1">org.lambda.LambdaAutomation.LambdaTestAutomation2#lambdaTestIntegrationScenario</h3><table class="result"><tr><th>Exception</th></tr><tr><td><div class="stacktrace">org.openqa.selenium.ElementClickInterceptedException: element click intercepted: Element &lt;a href=&quot;https://www.lambdatest.com/integrations&quot; class=&quot;uppercase font-bold text-black text-size-16 tracking-widest inline-block hover:underline&quot;&gt;...&lt;/a&gt; is not clickable at point (957, 12). Other element would receive the click: &lt;div class=&quot;w-7/12 desktop:w-full header__menu__items&quot;&gt;...&lt;/div&gt;
  (Session info: MicrosoftEdge=87.0.664.41)
Build info: version: &apos;3.141.59&apos;, revision: &apos;e82be7d358&apos;, time: &apos;2018-11-14T08:17:03&apos;
System info: host: &apos;ASDLAPKCH0331&apos;, ip: &apos;192.168.43.151&apos;, os.name: &apos;Windows 10&apos;, os.arch: &apos;amd64&apos;, os.version: &apos;10.0&apos;, java.version: &apos;19.0.2&apos;
Driver info: org.openqa.selenium.remote.RemoteWebDriver
Capabilities {acceptInsecureCerts: false, browserName: MicrosoftEdge, browserVersion: 87.0, javascriptEnabled: true, ms:edgeOptions: {debuggerAddress: }, msedge: {msedgedriverVersion: 87.0, userDataDir: C:\\Users\\ltuser\\AppData\...}, networkConnectionEnabled: false, pageLoadStrategy: normal, platform: macOS 10.12, platformName: macOS 10.12, proxy: Proxy(), setWindowRect: true, strictFileInteractability: false, timeouts: {implicit: 0, pageLoad: 300000, script: 30000}, unhandledPromptBehavior: dismiss and notify, webauthn:extension:credBlob: true, webauthn:extension:largeBlob: true, webauthn:virtualAuthenticators: true, webdriver.remote.sessionid: S7SGJ-RG3TX-AY5GS-WMELH}
Session ID: S7SGJ-RG3TX-AY5GS-WMELH
	at org.openqa.selenium.remote.http.W3CHttpResponseCodec.createException(W3CHttpResponseCodec.java:187)
	at org.openqa.selenium.remote.http.W3CHttpResponseCodec.decode(W3CHttpResponseCodec.java:122)
	at org.openqa.selenium.remote.http.W3CHttpResponseCodec.decode(W3CHttpResponseCodec.java:49)
	at org.openqa.selenium.remote.HttpCommandExecutor.execute(HttpCommandExecutor.java:158)
	at org.openqa.selenium.remote.RemoteWebDriver.execute(RemoteWebDriver.java:552)
	at org.openqa.selenium.remote.RemoteWebElement.execute(RemoteWebElement.java:285)
	at org.openqa.selenium.remote.RemoteWebElement.click(RemoteWebElement.java:84)
	at org.lambda.LambdaAutomation.LambdaTestAutomation2.lambdaTestIntegrationScenario(LambdaTestAutomation2.java:72)
	at java.base/java.util.ArrayList.forEach(ArrayList.java:1511)
... Removed 28 stack frames</div></td></tr></table><p class="totop"><a href="#summary">back to summary</a></p>
</body>
</html>
